<?xml version="1.0" encoding="UTF-8"?>
<!-- Generated by org.testng.reporters.JUnitReportReporter -->
<testsuite hostname="rafal" name="CRM_Mobile_Tests.DisplayWorkOrderList" tests="2" failures="0" timestamp="13 Apr 2015 13:11:22 GMT" time="17.403" errors="0">
  <testcase name="ShouldDisplayAnyElmentInList" time="2.040" classname="CRM_Mobile_Tests.DisplayWorkOrderList"/>
  <testcase name="ShouldDisplayAllItemInSubMenu" time="15.363" classname="CRM_Mobile_Tests.DisplayWorkOrderList"/>
</testsuite> <!-- CRM_Mobile_Tests.DisplayWorkOrderList -->
