<?xml version="1.0" encoding="UTF-8"?>
<!-- Generated by org.testng.reporters.JUnitReportReporter -->
<testsuite hostname="rafal" name="CRM_Mobile_Tests.DisplayMainMenu" tests="3" failures="0" timestamp="14 Apr 2015 18:20:59 GMT" time="8.331" errors="0">
  <testcase name="SchouldScrollDownAndDisplayMenuItem" time="3.880" classname="CRM_Mobile_Tests.DisplayMainMenu"/>
  <testcase name="ShouldDisplayMainMenu" time="1.485" classname="CRM_Mobile_Tests.DisplayMainMenu"/>
  <testcase name="ShouldDisplaySubMenu" time="2.966" classname="CRM_Mobile_Tests.DisplayMainMenu"/>
</testsuite> <!-- CRM_Mobile_Tests.DisplayMainMenu -->
