<?xml version="1.0" encoding="UTF-8"?>
<!-- Generated by org.testng.reporters.JUnitReportReporter -->
<testsuite hostname="rafal" name="CRM_Mobile_Tests.AddNewActivitiesAndCheckResults" tests="2" failures="0" timestamp="14 Apr 2015 18:20:59 GMT" time="150.057" errors="0">
  <testcase name="AddActivitiesBySubMenu" time="80.251" classname="CRM_Mobile_Tests.AddNewActivitiesAndCheckResults"/>
  <testcase name="AddActivitiesInActivitisView" time="69.806" classname="CRM_Mobile_Tests.AddNewActivitiesAndCheckResults"/>
</testsuite> <!-- CRM_Mobile_Tests.AddNewActivitiesAndCheckResults -->
