<?xml version="1.0" encoding="UTF-8"?>
<!-- Generated by org.testng.reporters.JUnitReportReporter -->
<testsuite hostname="rafal" name="CRM_Mobile_Tests.DisplayWorkOrderDetails" tests="2" failures="0" timestamp="12 Apr 2015 17:36:11 GMT" time="3.784" errors="0">
  <testcase name="ShouldDisplayAllItemInSubMenu" time="3.270" classname="CRM_Mobile_Tests.DisplayWorkOrderDetails"/>
  <testcase name="ShouldDisplayProperWoDetalis" time="0.514" classname="CRM_Mobile_Tests.DisplayWorkOrderDetails"/>
</testsuite> <!-- CRM_Mobile_Tests.DisplayWorkOrderDetails -->
