<?xml version="1.0" encoding="UTF-8"?>
<!-- Generated by org.testng.reporters.JUnitReportReporter -->
<testsuite hostname="rafal" name="CRM_Mobile_Tests.DisplayMainMenu" tests="3" failures="0" timestamp="13 Apr 2015 16:30:10 GMT" time="9.078" errors="0">
  <testcase name="ShouldDisplayMainMenu" time="1.468" classname="CRM_Mobile_Tests.DisplayMainMenu"/>
  <testcase name="SchouldScrollDownAndDisplayMenuItem" time="4.631" classname="CRM_Mobile_Tests.DisplayMainMenu"/>
  <testcase name="ShouldDisplaySubMenu" time="2.979" classname="CRM_Mobile_Tests.DisplayMainMenu"/>
</testsuite> <!-- CRM_Mobile_Tests.DisplayMainMenu -->
