<?xml version="1.0" encoding="UTF-8"?>
<!-- Generated by org.testng.reporters.JUnitReportReporter -->
<testsuite hostname="rafal" name="CRM_Mobile_Tests.DisplayWorkOrderDetails" tests="2" failures="0" timestamp="14 Apr 2015 18:20:59 GMT" time="3.342" errors="0">
  <testcase name="ShouldDisplayAllItemInSubMenu" time="2.806" classname="CRM_Mobile_Tests.DisplayWorkOrderDetails"/>
  <testcase name="ShouldDisplayProperWoDetalis" time="0.536" classname="CRM_Mobile_Tests.DisplayWorkOrderDetails"/>
</testsuite> <!-- CRM_Mobile_Tests.DisplayWorkOrderDetails -->
