<?xml version="1.0" encoding="UTF-8"?>
<!-- Generated by org.testng.reporters.JUnitReportReporter -->
<testsuite hostname="rafal" name="CRM_Mobile_Tests.DisplayInformationPage" tests="1" failures="0" timestamp="13 Apr 2015 13:11:22 GMT" time="4.688" errors="0">
  <testcase name="ShouldDisplayInformationPanel" time="4.688" classname="CRM_Mobile_Tests.DisplayInformationPage"/>
</testsuite> <!-- CRM_Mobile_Tests.DisplayInformationPage -->
