<?xml version="1.0" encoding="UTF-8"?>
<!-- Generated by org.testng.reporters.JUnitReportReporter -->
<testsuite hostname="rafal" name="CRM_Mobile_Tests.AddNewActivitiesAndCheckResults" tests="2" failures="0" timestamp="13 Apr 2015 13:11:22 GMT" time="279.848" errors="0">
  <testcase name="AddActivitiesInActivitisView" time="122.644" classname="CRM_Mobile_Tests.AddNewActivitiesAndCheckResults"/>
  <testcase name="AddActivitiesBySubMenu" time="157.204" classname="CRM_Mobile_Tests.AddNewActivitiesAndCheckResults"/>
</testsuite> <!-- CRM_Mobile_Tests.AddNewActivitiesAndCheckResults -->
