<?xml version="1.0" encoding="UTF-8"?>
<!-- Generated by org.testng.reporters.JUnitReportReporter -->
<testsuite hostname="rafal" name="CRM_Mobile_Tests.DisplayWorkOrderDetails" tests="2" failures="0" timestamp="13 Apr 2015 13:11:22 GMT" time="6.291" errors="0">
  <testcase name="ShouldDisplayProperWoDetalis" time="0.729" classname="CRM_Mobile_Tests.DisplayWorkOrderDetails"/>
  <testcase name="ShouldDisplayAllItemInSubMenu" time="5.562" classname="CRM_Mobile_Tests.DisplayWorkOrderDetails"/>
</testsuite> <!-- CRM_Mobile_Tests.DisplayWorkOrderDetails -->
