<?xml version="1.0" encoding="UTF-8"?>
<!-- Generated by org.testng.reporters.JUnitReportReporter -->
<testsuite hostname="rafal" name="CRM_Mobile_Tests.DisplayMainMenu" tests="3" failures="0" timestamp="13 Apr 2015 13:11:22 GMT" time="18.293" errors="0">
  <testcase name="SchouldScrollDownAndDisplayMenuItem" time="9.590" classname="CRM_Mobile_Tests.DisplayMainMenu"/>
  <testcase name="ShouldDisplayMainMenu" time="3.556" classname="CRM_Mobile_Tests.DisplayMainMenu"/>
  <testcase name="ShouldDisplaySubMenu" time="5.147" classname="CRM_Mobile_Tests.DisplayMainMenu"/>
</testsuite> <!-- CRM_Mobile_Tests.DisplayMainMenu -->
