<?xml version="1.0" encoding="UTF-8"?>
<!-- Generated by org.testng.reporters.JUnitReportReporter -->
<testsuite hostname="rafal" name="CRM_Mobile_Tests.DisplayInformationPage" tests="1" failures="0" timestamp="14 Apr 2015 18:20:59 GMT" time="1.826" errors="0">
  <testcase name="ShouldDisplayInformationPanel" time="1.826" classname="CRM_Mobile_Tests.DisplayInformationPage"/>
</testsuite> <!-- CRM_Mobile_Tests.DisplayInformationPage -->
