<?xml version="1.0" encoding="UTF-8"?>
<!-- Generated by org.testng.reporters.JUnitReportReporter -->
<testsuite hostname="rafal" name="CRM_Mobile_Tests.DisplayWorkOrderList" tests="2" failures="0" timestamp="14 Apr 2015 18:20:58 GMT" time="8.448" errors="0">
  <testcase name="ShouldDisplayAllItemInSubMenu" time="7.714" classname="CRM_Mobile_Tests.DisplayWorkOrderList"/>
  <testcase name="ShouldDisplayAnyElmentInList" time="0.734" classname="CRM_Mobile_Tests.DisplayWorkOrderList"/>
</testsuite> <!-- CRM_Mobile_Tests.DisplayWorkOrderList -->
